<?xml version="1.0" encoding="UTF-8"?>
<!-- Generated by org.testng.reporters.JUnitReportReporter -->
<testsuite hostname="LAPTOP-MFP4MPIO" failures="0" tests="1" name="Module5.Demo" time="0.007" errors="0" timestamp="2021-05-22T00:35:57 IST" skipped="0">
  <testcase classname="Module5.Demo" name="Test1" time="0.007"/>
  <system-out/>
</testsuite> <!-- Module5.Demo -->
